<?xml version="1.0" encoding="UTF-8"?>
<!-- Generated by org.testng.reporters.JUnitReportReporter -->
<testsuite hostname="LAPTOP-B73T7O77" failures="0" tests="9" name="package2.DataProviderTest" time="0.014" errors="0" timestamp="2020-05-25T15:51:11 EDT" skipped="0">
  <testcase classname="package2.DataProviderTest" name="testDataPr" time="0.006"/>
  <system-out/>
  <testcase classname="package2.DataProviderTest" name="testDataPr2" time="0.001"/>
  <system-out/>
  <testcase classname="package2.DataProviderTest" name="testDataPr2" time="0.001"/>
  <system-out/>
  <testcase classname="package2.DataProviderTest" name="testDataPr2" time="0.001"/>
  <system-out/>
  <testcase classname="package2.DataProviderTest" name="testDataPr2" time="0.001"/>
  <system-out/>
  <testcase classname="package2.DataProviderTest" name="testDataPr" time="0.001"/>
  <system-out/>
  <testcase classname="package2.DataProviderTest" name="testDataPr2" time="0.001"/>
  <system-out/>
  <testcase classname="package2.DataProviderTest" name="testDataPr2" time="0.001"/>
  <system-out/>
  <testcase classname="package2.DataProviderTest" name="testDataPr" time="0.001"/>
  <system-out/>
</testsuite> <!-- package2.DataProviderTest -->
