<?xml version="1.0" encoding="UTF-8"?>
<!-- Generated by org.testng.reporters.JUnitReportReporter -->
<testsuite skipped="0" hostname="LAPTOP-B73T7O77" name="lesson19.Dropdown" tests="1" failures="0" timestamp="2020-09-23T13:54:23 EDT" time="5.891" errors="0">
  <testcase name="selectCoach" time="5.891" classname="lesson19.Dropdown"/>
  <system-out/>
</testsuite> <!-- lesson19.Dropdown -->
