<?xml version="1.0" encoding="UTF-8"?>
<!-- Generated by org.testng.reporters.JUnitReportReporter -->
<testsuite hostname="LAPTOP-B73T7O77" failures="0" tests="2" name="package1.TestNgAnnotations" time="0.005" errors="0" timestamp="2020-05-21T16:51:10 EDT" skipped="0">
  <testcase classname="package1.TestNgAnnotations" name="myTestCase1" time="0.004"/>
  <system-out/>
  <testcase classname="package1.TestNgAnnotations" name="myTestCase2" time="0.001"/>
  <system-out/>
</testsuite> <!-- package1.TestNgAnnotations -->
