<?xml version="1.0" encoding="UTF-8"?>
<!-- Generated by org.testng.reporters.JUnitReportReporter -->
<testsuite hostname="LAPTOP-B73T7O77" failures="0" tests="2" name="package2.TestNgMobile" time="0.007" errors="0" timestamp="2020-05-21T16:08:33 EDT" skipped="0">
  <testcase classname="package2.TestNgMobile" name="ApiTesting2" time="0.001"/>
  <system-out/>
  <testcase classname="package2.TestNgMobile" name="ApiTesting1" time="0.006"/>
  <system-out/>
</testsuite> <!-- package2.TestNgMobile -->
