<?xml version="1.0" encoding="UTF-8"?>
<!-- Generated by org.testng.reporters.JUnitReportReporter -->
<testsuite skipped="0" hostname="LAPTOP-B73T7O77" name="package1.TestNGTesting" tests="3" failures="0" timestamp="2020-09-02T19:20:32 EDT" time="0.009" errors="0">
  <testcase name="AbcTest2" time="0.001" classname="package1.TestNGTesting"/>
  <system-out/>
  <testcase name="AbcTest3" time="0.001" classname="package1.TestNGTesting"/>
  <system-out/>
  <testcase name="AbcTest1" time="0.007" classname="package1.TestNGTesting"/>
  <system-out/>
</testsuite> <!-- package1.TestNGTesting -->
