<?xml version="1.0" encoding="UTF-8"?>
<!-- Generated by org.testng.reporters.JUnitReportReporter -->
<testsuite hostname="LAPTOP-B73T7O77" failures="0" tests="2" name="package2.TestPack2" time="0.004" errors="0" timestamp="2020-05-21T16:08:33 EDT" skipped="0">
  <testcase classname="package2.TestPack2" name="DDCBF3" time="0.002"/>
  <system-out/>
  <testcase classname="package2.TestPack2" name="DDCBF2" time="0.002"/>
  <system-out/>
</testsuite> <!-- package2.TestPack2 -->
