<?xml version="1.0" encoding="UTF-8"?>
<!-- Generated by org.testng.reporters.JUnitReportReporter -->
<testsuite skipped="0" hostname="LAPTOP-B73T7O77" name="lesson22.ChildWindows2" tests="1" failures="0" timestamp="2020-09-26T13:05:12 EDT" time="4.637" errors="0">
  <testcase name="childWinTest" time="4.637" classname="lesson22.ChildWindows2"/>
  <system-out/>
</testsuite> <!-- lesson22.ChildWindows2 -->
