<?xml version="1.0" encoding="UTF-8"?>
<!-- Generated by org.testng.reporters.JUnitReportReporter -->
<testsuite hostname="LAPTOP-B73T7O77" failures="0" tests="1" name="lesson19.Frame123" time="1.841" errors="0" timestamp="2020-06-11T15:48:28 EDT" skipped="0">
  <testcase classname="lesson19.Frame123" name="testIFrame" time="1.841"/>
  <system-out/>
</testsuite> <!-- lesson19.Frame123 -->
