<?xml version="1.0" encoding="UTF-8"?>
<!-- Generated by org.testng.reporters.JUnitReportReporter -->
<testsuite skipped="0" hostname="LAPTOP-B73T7O77" name="lesson22.ChildWindow" tests="1" failures="0" timestamp="2020-09-17T21:38:25 EDT" time="4.461" errors="0">
  <testcase name="childWinTest" time="4.461" classname="lesson22.ChildWindow"/>
  <system-out/>
</testsuite> <!-- lesson22.ChildWindow -->
