<?xml version="1.0" encoding="UTF-8"?>
<!-- Generated by org.testng.reporters.JUnitReportReporter -->
<testsuite hostname="LAPTOP-B73T7O77" failures="0" tests="3" name="intro.TestNGTesting" time="0.008" errors="0" timestamp="2020-05-20T18:00:54 EDT" skipped="0">
  <testcase classname="intro.TestNGTesting" name="AbcTest3" time="0.001"/>
  <system-out/>
  <testcase classname="intro.TestNGTesting" name="AbcTest2" time="0.000"/>
  <system-out/>
  <testcase classname="intro.TestNGTesting" name="AbcTest1" time="0.007"/>
  <system-out/>
</testsuite> <!-- intro.TestNGTesting -->
