<?xml version="1.0" encoding="UTF-8"?>
<!-- Generated by org.testng.reporters.JUnitReportReporter -->
<testsuite hostname="LAPTOP-B73T7O77" failures="0" tests="2" name="package2.ParameterTest" time="0.011" errors="0" timestamp="2020-05-25T14:53:19 EDT" skipped="0">
  <testcase classname="package2.ParameterTest" name="searchTest" time="0.009"/>
  <system-out/>
  <testcase classname="package2.ParameterTest" name="searchTest2" time="0.002"/>
  <system-out/>
</testsuite> <!-- package2.ParameterTest -->
