<?xml version="1.0" encoding="UTF-8"?>
<!-- Generated by org.testng.reporters.JUnitReportReporter -->
<testsuite hostname="LAPTOP-B73T7O77" failures="0" tests="1" name="practice.Facebook" time="5.954" errors="0" timestamp="2020-05-27T20:37:16 EDT" skipped="0">
  <testcase classname="practice.Facebook" name="loginPageTest2" time="5.954"/>
  <system-out/>
</testsuite> <!-- practice.Facebook -->
