<?xml version="1.0" encoding="UTF-8"?>
<!-- Generated by org.testng.reporters.JUnitReportReporter -->
<testsuite hostname="LAPTOP-B73T7O77" failures="0" tests="3" name="package2.TestNGHelperAttributes" time="0.009" errors="0" timestamp="2020-05-24T19:04:55 EDT" skipped="0">
  <testcase classname="package2.TestNGHelperAttributes" name="testYYY2" time="0.007"/>
  <system-out/>
  <testcase classname="package2.TestNGHelperAttributes" name="testAAA" time="0.001"/>
  <system-out/>
  <testcase classname="package2.TestNGHelperAttributes" name="testWWW" time="0.001"/>
  <system-out/>
</testsuite> <!-- package2.TestNGHelperAttributes -->
