<?xml version="1.0" encoding="UTF-8"?>
<!-- Generated by org.testng.reporters.JUnitReportReporter -->
<testsuite hostname="LAPTOP-B73T7O77" failures="0" tests="1" name="lesson19.JavaScriptPopup" time="4.782" errors="0" timestamp="2020-06-11T15:49:26 EDT" skipped="0">
  <testcase classname="lesson19.JavaScriptPopup" name="popupTest" time="4.782"/>
  <system-out/>
</testsuite> <!-- lesson19.JavaScriptPopup -->
